<?xml version="1.0" encoding="UTF-8"?>
<!-- Generated by org.testng.reporters.JUnitReportReporter -->
<testsuite skipped="0" hostname="zhou-PC" name="com.tester.cases.AddUserTest" tests="1" failures="0" timestamp="2019-10-05T19:25:51 CST" time="0.100" errors="0">
  <testcase name="addUser" time="0.100" classname="com.tester.cases.AddUserTest"/>
</testsuite> <!-- com.tester.cases.AddUserTest -->
