<?xml version="1.0" encoding="UTF-8"?>
<!-- Generated by org.testng.reporters.JUnitReportReporter -->
<testsuite skipped="0" hostname="zhou-PC" name="com.tester.cases.UpdateUserInfoTest" tests="2" failures="0" timestamp="2019-10-05T19:25:51 CST" time="4.247" errors="0">
  <testcase name="updateUserInfo" time="2.152" classname="com.tester.cases.UpdateUserInfoTest"/>
  <testcase name="deleteUser" time="2.095" classname="com.tester.cases.UpdateUserInfoTest"/>
</testsuite> <!-- com.tester.cases.UpdateUserInfoTest -->
