<?xml version="1.0" encoding="UTF-8"?>
<!-- Generated by org.testng.reporters.JUnitReportReporter -->
<testsuite skipped="0" hostname="zhou-PC" name="com.tester.cases.LoginTest" tests="2" failures="0" timestamp="2019-10-05T19:25:51 CST" time="2.124" errors="0">
  <testcase name="loginFalse" time="0.078" classname="com.tester.cases.LoginTest"/>
  <testcase name="loginTrue" time="2.046" classname="com.tester.cases.LoginTest"/>
</testsuite> <!-- com.tester.cases.LoginTest -->
