<?xml version="1.0" encoding="UTF-8"?>
<!-- Generated by org.testng.reporters.JUnitReportReporter -->
<testsuite skipped="0" hostname="zhou-PC" name="com.tester.cases.GetUserInfoTest" tests="1" failures="0" timestamp="2019-10-05T19:25:51 CST" time="2.153" errors="0">
  <testcase name="getUserInfo" time="2.153" classname="com.tester.cases.GetUserInfoTest"/>
</testsuite> <!-- com.tester.cases.GetUserInfoTest -->
